[0m11:07:27.528515 [debug] [MainThread]: Sending event: {'category': 'dbt', 'action': 'invocation', 'label': 'start', 'context': [<snowplow_tracker.self_describing_json.SelfDescribingJson object at 0x7f7c2bbbc0d0>, <snowplow_tracker.self_describing_json.SelfDescribingJson object at 0x7f7c2e5b7f50>, <snowplow_tracker.self_describing_json.SelfDescribingJson object at 0x7f7c2c4e7510>]}


============================== 11:07:27.536971 | d5d9ee20-9349-41c8-863c-af3d99e071f2 ==============================
[0m11:07:27.536971 [info ] [MainThread]: Running with dbt=1.11.6
[0m11:07:27.538890 [debug] [MainThread]: running dbt with arguments {'log_path': 'logs', 'debug': 'False', 'empty': 'None', 'send_anonymous_usage_stats': 'True', 'use_experimental_parser': 'False', 'write_json': 'True', 'profiles_dir': '/root/.dbt', 'use_colors': 'True', 'static_parser': 'True', 'no_print': 'None', 'fail_fast': 'False', 'printer_width': '80', 'target_path': 'None', 'partial_parse': 'True', 'cache_selected_only': 'False', 'log_cache_events': 'False', 'indirect_selection': 'eager', 'version_check': 'True', 'quiet': 'False', 'warn_error_options': 'WarnErrorOptionsV2(error=[], warn=[], silence=[])', 'introspect': 'True', 'invocation_command': 'dbt init', 'warn_error': 'None', 'log_format': 'default'}
[0m11:08:48.218179 [debug] [MainThread]: Starter project path: /usr/local/lib/python3.11/site-packages/dbt/include/starter_project
[0m11:08:48.303341 [info ] [MainThread]: 
Your new dbt project "financial_analytics_project" was created!

For more information on how to configure the profiles.yml file,
please consult the dbt documentation here:

  https://docs.getdbt.com/docs/configure-your-profile

One more thing:

Need help? Don't hesitate to reach out to us via GitHub issues or on Slack:

  https://community.getdbt.com/

Happy modeling!

[0m11:08:48.304176 [info ] [MainThread]: Setting up your profile.
[0m11:12:44.888236 [info ] [MainThread]: Profile financial_analytics_project written to /root/.dbt/profiles.yml using target's profile_template.yml and your supplied values. Run 'dbt debug' to validate the connection.
[0m11:12:44.895913 [debug] [MainThread]: Resource report: {"command_name": "init", "command_success": true, "command_wall_clock_time": 323.1605, "process_in_blocks": "13168", "process_kernel_time": 0.128643, "process_mem_max_rss": "112360", "process_out_blocks": "3184", "process_user_time": 1.266641}
[0m11:12:44.897392 [debug] [MainThread]: Command `dbt init` succeeded at 11:12:44.897246 after 323.16 seconds
[0m11:12:44.898633 [debug] [MainThread]: Sending event: {'category': 'dbt', 'action': 'invocation', 'label': 'end', 'context': [<snowplow_tracker.self_describing_json.SelfDescribingJson object at 0x7f7c2ff767d0>, <snowplow_tracker.self_describing_json.SelfDescribingJson object at 0x7f7c2feae8d0>, <snowplow_tracker.self_describing_json.SelfDescribingJson object at 0x7f7c2b3b5d90>]}
[0m11:12:44.899561 [debug] [MainThread]: Flushing usage events
[0m11:12:45.596906 [debug] [MainThread]: An error was encountered while trying to flush usage events
[0m15:44:23.561154 [debug] [MainThread]: Sending event: {'category': 'dbt', 'action': 'invocation', 'label': 'start', 'context': [<snowplow_tracker.self_describing_json.SelfDescribingJson object at 0x7f614d323790>, <snowplow_tracker.self_describing_json.SelfDescribingJson object at 0x7f614a531590>, <snowplow_tracker.self_describing_json.SelfDescribingJson object at 0x7f614bfdf890>]}


============================== 15:44:23.571338 | 9c0fd03d-2f6f-4d3f-87a4-100f701ee5a3 ==============================
[0m15:44:23.571338 [info ] [MainThread]: Running with dbt=1.11.6
[0m15:44:23.572575 [debug] [MainThread]: running dbt with arguments {'profiles_dir': '/root/.dbt', 'static_parser': 'True', 'log_format': 'default', 'use_experimental_parser': 'False', 'cache_selected_only': 'False', 'debug': 'False', 'partial_parse': 'True', 'warn_error_options': 'WarnErrorOptionsV2(error=[], warn=[], silence=[])', 'quiet': 'False', 'version_check': 'True', 'send_anonymous_usage_stats': 'True', 'fail_fast': 'False', 'warn_error': 'None', 'no_print': 'None', 'write_json': 'True', 'log_cache_events': 'False', 'empty': 'None', 'target_path': 'None', 'introspect': 'True', 'invocation_command': 'dbt init', 'use_colors': 'True', 'printer_width': '80', 'log_path': 'logs', 'indirect_selection': 'eager'}
